app/build/intermediates/manifest_merge_blame_file/debug/processDebugMainManifest/manifest-merger-blame-debug-report.txt
1<?xml version="1.0" encoding="utf-8"?>
2<manifest xmlns:android="http://schemas.android.com/apk/res/android"
3    package="com.dheemai.treecounter"
4    android:versionCode="1"
5    android:versionName="1.0" >
6
7    <uses-sdk
8        android:minSdkVersion="26"
9        android:targetSdkVersion="34" />
10
11    <uses-permission android:name="android.permission.INTERNET" />
11-->src/main/AndroidManifest.xml:4:5-67
11-->src/main/AndroidManifest.xml:4:22-64
12    <uses-permission android:name="android.permission.ACCESS_FINE_LOCATION" />
12-->src/main/AndroidManifest.xml:5:5-79
12-->src/main/AndroidManifest.xml:5:22-76
13    <uses-permission android:name="android.permission.ACCESS_COARSE_LOCATION" />
13-->src/main/AndroidManifest.xml:6:5-81
13-->src/main/AndroidManifest.xml:6:22-78
14    <uses-permission android:name="android.permission.CAMERA" />
14-->src/main/AndroidManifest.xml:7:5-65
14-->src/main/AndroidManifest.xml:7:22-62
15    <uses-permission android:name="android.permission.READ_MEDIA_IMAGES" />
15-->src/main/AndroidManifest.xml:8:5-76
15-->src/main/AndroidManifest.xml:8:22-73
16    <uses-permission
16-->src/main/AndroidManifest.xml:9:5-10:38
17        android:name="android.permission.WRITE_EXTERNAL_STORAGE"
17-->src/main/AndroidManifest.xml:9:22-78
18        android:maxSdkVersion="28" />
18-->src/main/AndroidManifest.xml:10:9-35
19
20    <uses-feature
20-->src/main/AndroidManifest.xml:12:5-85
21        android:name="android.hardware.camera"
21-->src/main/AndroidManifest.xml:12:19-57
22        android:required="false" />
22-->src/main/AndroidManifest.xml:12:58-82
23    <uses-feature
23-->src/main/AndroidManifest.xml:13:5-91
24        android:name="android.hardware.location.gps"
24-->src/main/AndroidManifest.xml:13:19-63
25        android:required="false" />
25-->src/main/AndroidManifest.xml:13:64-88
26
27    <permission
27-->[androidx.core:core:1.12.0] AndroidManifest.xml:22:5-24:47
28        android:name="com.dheemai.treecounter.DYNAMIC_RECEIVER_NOT_EXPORTED_PERMISSION"
28-->[androidx.core:core:1.12.0] AndroidManifest.xml:23:9-81
29        android:protectionLevel="signature" />
29-->[androidx.core:core:1.12.0] AndroidManifest.xml:24:9-44
30
31    <uses-permission android:name="com.dheemai.treecounter.DYNAMIC_RECEIVER_NOT_EXPORTED_PERMISSION" />
31-->[androidx.core:core:1.12.0] AndroidManifest.xml:26:5-97
31-->[androidx.core:core:1.12.0] AndroidManifest.xml:26:22-94
32
33    <supports-screens
33-->[org.osmdroid:osmdroid-android:6.1.18] AndroidManifest.xml:9:5-12:40
34        android:anyDensity="true"
34-->[org.osmdroid:osmdroid-android:6.1.18] AndroidManifest.xml:10:9-34
35        android:largeScreens="true"
35-->[org.osmdroid:osmdroid-android:6.1.18] AndroidManifest.xml:11:9-36
36        android:normalScreens="true" />
36-->[org.osmdroid:osmdroid-android:6.1.18] AndroidManifest.xml:12:9-37
37
38    <uses-feature
38-->[org.osmdroid:osmdroid-android:6.1.18] AndroidManifest.xml:14:5-16:36
39        android:name="android.hardware.location.network"
39-->[org.osmdroid:osmdroid-android:6.1.18] AndroidManifest.xml:15:9-57
40        android:required="false" />
40-->[org.osmdroid:osmdroid-android:6.1.18] AndroidManifest.xml:16:9-33
41    <uses-feature
41-->[org.osmdroid:osmdroid-android:6.1.18] AndroidManifest.xml:20:5-22:36
42        android:name="android.hardware.telephony"
42-->[org.osmdroid:osmdroid-android:6.1.18] AndroidManifest.xml:21:9-50
43        android:required="false" />
43-->[org.osmdroid:osmdroid-android:6.1.18] AndroidManifest.xml:22:9-33
44    <uses-feature
44-->[org.osmdroid:osmdroid-android:6.1.18] AndroidManifest.xml:23:5-25:36
45        android:name="android.hardware.wifi"
45-->[org.osmdroid:osmdroid-android:6.1.18] AndroidManifest.xml:24:9-45
46        android:required="false" />
46-->[org.osmdroid:osmdroid-android:6.1.18] AndroidManifest.xml:25:9-33
47
48    <application
48-->src/main/AndroidManifest.xml:15:5-44:19
49        android:name="com.dheemai.treecounter.TreeCounterApp"
49-->src/main/AndroidManifest.xml:16:9-39
50        android:allowBackup="true"
50-->src/main/AndroidManifest.xml:17:9-35
51        android:appComponentFactory="androidx.core.app.CoreComponentFactory"
51-->[androidx.core:core:1.12.0] AndroidManifest.xml:28:18-86
52        android:debuggable="true"
53        android:extractNativeLibs="false"
54        android:icon="@mipmap/ic_launcher"
54-->src/main/AndroidManifest.xml:18:9-43
55        android:label="@string/app_name"
55-->src/main/AndroidManifest.xml:19:9-41
56        android:roundIcon="@mipmap/ic_launcher_round"
56-->src/main/AndroidManifest.xml:20:9-54
57        android:supportsRtl="true"
57-->src/main/AndroidManifest.xml:21:9-35
58        android:theme="@style/Theme.TreeCounter" >
58-->src/main/AndroidManifest.xml:22:9-49
59        <activity
59-->src/main/AndroidManifest.xml:24:9-32:20
60            android:name="com.dheemai.treecounter.MainActivity"
60-->src/main/AndroidManifest.xml:25:13-41
61            android:exported="true"
61-->src/main/AndroidManifest.xml:26:13-36
62            android:theme="@style/Theme.TreeCounter" >
62-->src/main/AndroidManifest.xml:27:13-53
63            <intent-filter>
63-->src/main/AndroidManifest.xml:28:13-31:29
64                <action android:name="android.intent.action.MAIN" />
64-->src/main/AndroidManifest.xml:29:17-69
64-->src/main/AndroidManifest.xml:29:25-66
65
66                <category android:name="android.intent.category.LAUNCHER" />
66-->src/main/AndroidManifest.xml:30:17-77
66-->src/main/AndroidManifest.xml:30:27-74
67            </intent-filter>
68        </activity>
69
70        <provider
71            android:name="androidx.core.content.FileProvider"
71-->src/main/AndroidManifest.xml:35:13-62
72            android:authorities="com.dheemai.treecounter.provider"
72-->src/main/AndroidManifest.xml:36:13-60
73            android:exported="false"
73-->src/main/AndroidManifest.xml:37:13-37
74            android:grantUriPermissions="true" >
74-->src/main/AndroidManifest.xml:38:13-47
75            <meta-data
75-->src/main/AndroidManifest.xml:39:13-41:54
76                android:name="android.support.FILE_PROVIDER_PATHS"
76-->src/main/AndroidManifest.xml:40:17-67
77                android:resource="@xml/file_paths" />
77-->src/main/AndroidManifest.xml:41:17-51
78        </provider>
79
80        <service
80-->[androidx.camera:camera-camera2:1.4.1] AndroidManifest.xml:24:9-33:19
81            android:name="androidx.camera.core.impl.MetadataHolderService"
81-->[androidx.camera:camera-camera2:1.4.1] AndroidManifest.xml:25:13-75
82            android:enabled="false"
82-->[androidx.camera:camera-camera2:1.4.1] AndroidManifest.xml:26:13-36
83            android:exported="false" >
83-->[androidx.camera:camera-camera2:1.4.1] AndroidManifest.xml:27:13-37
84            <meta-data
84-->[androidx.camera:camera-camera2:1.4.1] AndroidManifest.xml:30:13-32:89
85                android:name="androidx.camera.core.impl.MetadataHolderService.DEFAULT_CONFIG_PROVIDER"
85-->[androidx.camera:camera-camera2:1.4.1] AndroidManifest.xml:31:17-103
86                android:value="androidx.camera.camera2.Camera2Config$DefaultProvider" />
86-->[androidx.camera:camera-camera2:1.4.1] AndroidManifest.xml:32:17-86
87        </service>
88
89        <activity
89-->[com.google.android.gms:play-services-base:18.3.0] AndroidManifest.xml:20:9-22:45
90            android:name="com.google.android.gms.common.api.GoogleApiActivity"
90-->[com.google.android.gms:play-services-base:18.3.0] AndroidManifest.xml:20:19-85
91            android:exported="false"
91-->[com.google.android.gms:play-services-base:18.3.0] AndroidManifest.xml:22:19-43
92            android:theme="@android:style/Theme.Translucent.NoTitleBar" />
92-->[com.google.android.gms:play-services-base:18.3.0] AndroidManifest.xml:21:19-78
93
94        <meta-data
94-->[com.google.android.gms:play-services-basement:18.3.0] AndroidManifest.xml:21:9-23:69
95            android:name="com.google.android.gms.version"
95-->[com.google.android.gms:play-services-basement:18.3.0] AndroidManifest.xml:22:13-58
96            android:value="@integer/google_play_services_version" />
96-->[com.google.android.gms:play-services-basement:18.3.0] AndroidManifest.xml:23:13-66
97
98        <provider
98-->[androidx.emoji2:emoji2:1.3.0] AndroidManifest.xml:24:9-32:20
99            android:name="androidx.startup.InitializationProvider"
99-->[androidx.emoji2:emoji2:1.3.0] AndroidManifest.xml:25:13-67
100            android:authorities="com.dheemai.treecounter.androidx-startup"
100-->[androidx.emoji2:emoji2:1.3.0] AndroidManifest.xml:26:13-68
101            android:exported="false" >
101-->[androidx.emoji2:emoji2:1.3.0] AndroidManifest.xml:27:13-37
102            <meta-data
102-->[androidx.emoji2:emoji2:1.3.0] AndroidManifest.xml:29:13-31:52
103                android:name="androidx.emoji2.text.EmojiCompatInitializer"
103-->[androidx.emoji2:emoji2:1.3.0] AndroidManifest.xml:30:17-75
104                android:value="androidx.startup" />
104-->[androidx.emoji2:emoji2:1.3.0] AndroidManifest.xml:31:17-49
105            <meta-data
105-->[androidx.lifecycle:lifecycle-process:2.7.0] AndroidManifest.xml:29:13-31:52
106                android:name="androidx.lifecycle.ProcessLifecycleInitializer"
106-->[androidx.lifecycle:lifecycle-process:2.7.0] AndroidManifest.xml:30:17-78
107                android:value="androidx.startup" />
107-->[androidx.lifecycle:lifecycle-process:2.7.0] AndroidManifest.xml:31:17-49
108            <meta-data
108-->[androidx.profileinstaller:profileinstaller:1.3.1] AndroidManifest.xml:29:13-31:52
109                android:name="androidx.profileinstaller.ProfileInstallerInitializer"
109-->[androidx.profileinstaller:profileinstaller:1.3.1] AndroidManifest.xml:30:17-85
110                android:value="androidx.startup" />
110-->[androidx.profileinstaller:profileinstaller:1.3.1] AndroidManifest.xml:31:17-49
111        </provider>
112
113        <activity
113-->[androidx.compose.ui:ui-tooling-android:1.6.1] AndroidManifest.xml:23:9-25:39
114            android:name="androidx.compose.ui.tooling.PreviewActivity"
114-->[androidx.compose.ui:ui-tooling-android:1.6.1] AndroidManifest.xml:24:13-71
115            android:exported="true" />
115-->[androidx.compose.ui:ui-tooling-android:1.6.1] AndroidManifest.xml:25:13-36
116
117        <service
117-->[androidx.room:room-runtime:2.6.1] AndroidManifest.xml:24:9-28:63
118            android:name="androidx.room.MultiInstanceInvalidationService"
118-->[androidx.room:room-runtime:2.6.1] AndroidManifest.xml:25:13-74
119            android:directBootAware="true"
119-->[androidx.room:room-runtime:2.6.1] AndroidManifest.xml:26:13-43
120            android:exported="false" />
120-->[androidx.room:room-runtime:2.6.1] AndroidManifest.xml:27:13-37
121
122        <receiver
122-->[androidx.profileinstaller:profileinstaller:1.3.1] AndroidManifest.xml:34:9-52:20
123            android:name="androidx.profileinstaller.ProfileInstallReceiver"
123-->[androidx.profileinstaller:profileinstaller:1.3.1] AndroidManifest.xml:35:13-76
124            android:directBootAware="false"
124-->[androidx.profileinstaller:profileinstaller:1.3.1] AndroidManifest.xml:36:13-44
125            android:enabled="true"
125-->[androidx.profileinstaller:profileinstaller:1.3.1] AndroidManifest.xml:37:13-35
126            android:exported="true"
126-->[androidx.profileinstaller:profileinstaller:1.3.1] AndroidManifest.xml:38:13-36
127            android:permission="android.permission.DUMP" >
127-->[androidx.profileinstaller:profileinstaller:1.3.1] AndroidManifest.xml:39:13-57
128            <intent-filter>
128-->[androidx.profileinstaller:profileinstaller:1.3.1] AndroidManifest.xml:40:13-42:29
129                <action android:name="androidx.profileinstaller.action.INSTALL_PROFILE" />
129-->[androidx.profileinstaller:profileinstaller:1.3.1] AndroidManifest.xml:41:17-91
129-->[androidx.profileinstaller:profileinstaller:1.3.1] AndroidManifest.xml:41:25-88
130            </intent-filter>
131            <intent-filter>
131-->[androidx.profileinstaller:profileinstaller:1.3.1] AndroidManifest.xml:43:13-45:29
132                <action android:name="androidx.profileinstaller.action.SKIP_FILE" />
132-->[androidx.profileinstaller:profileinstaller:1.3.1] AndroidManifest.xml:44:17-85
132-->[androidx.profileinstaller:profileinstaller:1.3.1] AndroidManifest.xml:44:25-82
133            </intent-filter>
134            <intent-filter>
134-->[androidx.profileinstaller:profileinstaller:1.3.1] AndroidManifest.xml:46:13-48:29
135                <action android:name="androidx.profileinstaller.action.SAVE_PROFILE" />
135-->[androidx.profileinstaller:profileinstaller:1.3.1] AndroidManifest.xml:47:17-88
135-->[androidx.profileinstaller:profileinstaller:1.3.1] AndroidManifest.xml:47:25-85
136            </intent-filter>
137            <intent-filter>
137-->[androidx.profileinstaller:profileinstaller:1.3.1] AndroidManifest.xml:49:13-51:29
138                <action android:name="androidx.profileinstaller.action.BENCHMARK_OPERATION" />
138-->[androidx.profileinstaller:profileinstaller:1.3.1] AndroidManifest.xml:50:17-95
138-->[androidx.profileinstaller:profileinstaller:1.3.1] AndroidManifest.xml:50:25-92
139            </intent-filter>
140        </receiver>
141    </application>
142
143</manifest>